#
# There is insufficient memory for the Java Runtime Environment to continue.
# Native memory allocation (malloc) failed to allocate 59216 bytes. Error detail: Chunk::new
# Possible reasons:
#   The system is out of physical RAM or swap space
#   This process is running with CompressedOops enabled, and the Java Heap may be blocking the growth of the native heap
# Possible solutions:
#   Reduce memory load on the system
#   Increase physical memory or swap space
#   Check if swap backing store is full
#   Decrease Java heap size (-Xmx/-Xms)
#   Decrease number of Java threads
#   Decrease Java thread stack sizes (-Xss)
#   Set larger code cache with -XX:ReservedCodeCacheSize=
#   JVM is running with Unscaled Compressed Oops mode in which the Java heap is
#     placed in the first 4GB address space. The Java Heap base address is the
#     maximum limit for the native heap growth. Please use -XX:HeapBaseMinAddress
#     to set the Java Heap base and to place the Java Heap above 4GB virtual address.
# This output file may be truncated or incomplete.
#
#  Out of Memory Error (arena.cpp:168), pid=21360, tid=2768
#
# JRE version: OpenJDK Runtime Environment Temurin-21.0.9+10 (21.0.9+10) (build 21.0.9+10-LTS)
# Java VM: OpenJDK 64-Bit Server VM Temurin-21.0.9+10 (21.0.9+10-LTS, mixed mode, sharing, tiered, compressed oops, compressed class ptrs, parallel gc, windows-amd64)
# No core dump will be written. Minidumps are not enabled by default on client versions of Windows
#

---------------  S U M M A R Y ------------

Command Line: --add-modules=ALL-SYSTEM --add-opens=java.base/java.util=ALL-UNNAMED --add-opens=java.base/java.lang=ALL-UNNAMED --add-opens=java.base/sun.nio.fs=ALL-UNNAMED -Declipse.application=org.eclipse.jdt.ls.core.id1 -Dosgi.bundles.defaultStartLevel=4 -Declipse.product=org.eclipse.jdt.ls.core.product -Djava.import.generatesMetadataFilesAtProjectRoot=false -DDetectVMInstallationsJob.disabled=true -Dfile.encoding=utf8 -XX:+UseParallelGC -XX:GCTimeRatio=4 -XX:AdaptiveSizePolicyWeight=90 -Dsun.zip.disableMemoryMapping=true -Xmx2G -Xms100m -Xlog:disable -javaagent:c:\Users\samsung\.cursor\extensions\redhat.java-1.50.0-win32-x64\lombok\lombok-1.18.39-4050.jar c:\Users\samsung\.cursor\extensions\redhat.java-1.50.0-win32-x64\server\plugins\org.eclipse.equinox.launcher_1.7.100.v20251111-0406.jar -configuration c:\Users\samsung\AppData\Roaming\Cursor\User\globalStorage\redhat.java\1.50.0\config_ss_win -data c:\Users\samsung\AppData\Roaming\Cursor\User\workspaceStorage\d3caf16baf0fb3e1599ba22d83d32e54\redhat.java\ss_ws --pipe=\\.\pipe\lsp-cf6600448cd0d2e465903c5de26b74b2-sock

Host: 13th Gen Intel(R) Core(TM) i5-1340P, 16 cores, 15G,  Windows 11 , 64 bit Build 26100 (10.0.26100.6725)
Time: Fri Dec 19 22:16:21 2025 elapsed time: 0.699511 seconds (0d 0h 0m 0s)

---------------  T H R E A D  ---------------

Current thread (0x000002087fc29680):  JavaThread "C2 CompilerThread1" daemon [_thread_in_native, id=2768, stack(0x00000022ff700000,0x00000022ff800000) (1024K)]


Current CompileTask:
C2:700  577       4       lombok.launch.PackageShader::apply (252 bytes)

Stack: [0x00000022ff700000,0x00000022ff800000]
Native frames: (J=compiled Java code, j=interpreted, Vv=VM code, C=native code)
V  [jvm.dll+0x6d6e29]
V  [jvm.dll+0x8b4b76]
V  [jvm.dll+0x8b712e]
V  [jvm.dll+0x8b7813]
V  [jvm.dll+0x283d86]
V  [jvm.dll+0xc66ed]
V  [jvm.dll+0xc6c31]
V  [jvm.dll+0x5de4d7]
V  [jvm.dll+0x1e3d6f]
V  [jvm.dll+0x24c0f3]
V  [jvm.dll+0x24b580]
V  [jvm.dll+0x1cb13e]
V  [jvm.dll+0x25b29d]
V  [jvm.dll+0x25982a]
V  [jvm.dll+0x3f7ea6]
V  [jvm.dll+0x85e9ad]
V  [jvm.dll+0x6d565d]
C  [ucrtbase.dll+0x37b0]
C  [KERNEL32.DLL+0x2e8d7]
C  [ntdll.dll+0x8c53c]


---------------  P R O C E S S  ---------------

Threads class SMR info:
_java_thread_list=0x000002087fc94560, length=15, elements={
0x0000020867bb4c10, 0x000002087f92a480, 0x000002087f92c850, 0x000002087f9303b0,
0x000002087f931000, 0x000002087f9350f0, 0x0000020867c4efa0, 0x0000020867c5d260,
0x0000020867c6d650, 0x000002087fa23930, 0x000002087fa25af0, 0x000002087fb48500,
0x000002087fc29680, 0x000002087fc92ec0, 0x000002087fb48b90
}

Java Threads: ( => current thread )
  0x0000020867bb4c10 JavaThread "main"                              [_thread_in_vm, id=9788, stack(0x00000022fe800000,0x00000022fe900000) (1024K)]
  0x000002087f92a480 JavaThread "Reference Handler"          daemon [_thread_blocked, id=27440, stack(0x00000022fec00000,0x00000022fed00000) (1024K)]
  0x000002087f92c850 JavaThread "Finalizer"                  daemon [_thread_blocked, id=17708, stack(0x00000022fed00000,0x00000022fee00000) (1024K)]
  0x000002087f9303b0 JavaThread "Signal Dispatcher"          daemon [_thread_blocked, id=6412, stack(0x00000022fee00000,0x00000022fef00000) (1024K)]
  0x000002087f931000 JavaThread "Attach Listener"            daemon [_thread_blocked, id=17208, stack(0x00000022fef00000,0x00000022ff000000) (1024K)]
  0x000002087f9350f0 JavaThread "Service Thread"             daemon [_thread_blocked, id=29212, stack(0x00000022ff000000,0x00000022ff100000) (1024K)]
  0x0000020867c4efa0 JavaThread "Monitor Deflation Thread"   daemon [_thread_blocked, id=26036, stack(0x00000022ff100000,0x00000022ff200000) (1024K)]
  0x0000020867c5d260 JavaThread "C2 CompilerThread0"         daemon [_thread_blocked, id=28112, stack(0x00000022ff200000,0x00000022ff300000) (1024K)]
  0x0000020867c6d650 JavaThread "C1 CompilerThread0"         daemon [_thread_blocked, id=31260, stack(0x00000022ff300000,0x00000022ff400000) (1024K)]
  0x000002087fa23930 JavaThread "C1 CompilerThread1"         daemon [_thread_blocked, id=28484, stack(0x00000022ff400000,0x00000022ff500000) (1024K)]
  0x000002087fa25af0 JavaThread "C1 CompilerThread2"         daemon [_thread_blocked, id=11504, stack(0x00000022ff500000,0x00000022ff600000) (1024K)]
  0x000002087fb48500 JavaThread "Common-Cleaner"             daemon [_thread_blocked, id=14192, stack(0x00000022ff600000,0x00000022ff700000) (1024K)]
=>0x000002087fc29680 JavaThread "C2 CompilerThread1"         daemon [_thread_in_native, id=2768, stack(0x00000022ff700000,0x00000022ff800000) (1024K)]
  0x000002087fc92ec0 JavaThread "C2 CompilerThread2"         daemon [_thread_blocked, id=6128, stack(0x00000022ff800000,0x00000022ff900000) (1024K)]
  0x000002087fb48b90 JavaThread "Notification Thread"        daemon [_thread_blocked, id=17044, stack(0x00000022ff900000,0x00000022ffa00000) (1024K)]
Total: 15

Other Threads:
  0x000002086584ec30 VMThread "VM Thread"                           [id=10160, stack(0x00000022feb00000,0x00000022fec00000) (1024K)]
  0x0000020867a3cb20 WatcherThread "VM Periodic Task Thread"        [id=31340, stack(0x00000022fea00000,0x00000022feb00000) (1024K)]
  0x0000020867bd3280 WorkerThread "GC Thread#0"                     [id=18380, stack(0x00000022fe900000,0x00000022fea00000) (1024K)]
Total: 3

Threads with active compile tasks:
C2 CompilerThread1  746  577       4       lombok.launch.PackageShader::apply (252 bytes)
Total: 1

VM state: not at safepoint (normal execution)

VM Mutex/Monitor currently owned by a thread: None

Heap address: 0x0000000080000000, size: 2048 MB, Compressed Oops mode: 32-bit

CDS archive(s) mapped at: [0x0000020800000000-0x0000020800ba0000-0x0000020800ba0000), size 12189696, SharedBaseAddress: 0x0000020800000000, ArchiveRelocationMode: 1.
Compressed class space mapped at: 0x0000020801000000-0x0000020841000000, reserved size: 1073741824
Narrow klass base: 0x0000020800000000, Narrow klass shift: 0, Narrow klass range: 0x100000000

GC Precious Log:
 CardTable entry size: 512
 CPUs: 16 total, 16 available
 Memory: 15943M
 Large Page Support: Disabled
 NUMA Support: Disabled
 Compressed Oops: Enabled (32-bit)
 Alignments: Space 512K, Generation 512K, Heap 2M
 Heap Min Capacity: 100M
 Heap Initial Capacity: 100M
 Heap Max Capacity: 2G
 Pre-touch: Disabled
 Parallel Workers: 13

Heap:
 PSYoungGen      total 29696K, used 11662K [0x00000000d5580000, 0x00000000d7680000, 0x0000000100000000)
  eden space 25600K, 45% used [0x00000000d5580000,0x00000000d60e3b30,0x00000000d6e80000)
  from space 4096K, 0% used [0x00000000d7280000,0x00000000d7280000,0x00000000d7680000)
  to   space 4096K, 0% used [0x00000000d6e80000,0x00000000d6e80000,0x00000000d7280000)
 ParOldGen       total 68608K, used 0K [0x0000000080000000, 0x0000000084300000, 0x00000000d5580000)
  object space 68608K, 0% used [0x0000000080000000,0x0000000080000000,0x0000000084300000)
 Metaspace       used 1443K, committed 1664K, reserved 1114112K
  class space    used 140K, committed 256K, reserved 1048576K

Card table byte_map: [0x0000020867550000,0x0000020867960000] _byte_map_base: 0x0000020867150000

Marking Bits: (ParMarkBitMap*) 0x00007ffa89562460
 Begin Bits: [0x000002087a060000, 0x000002087c060000)
 End Bits:   [0x000002087c060000, 0x000002087e060000)

Polling page: 0x0000020865a50000

Metaspace:

Usage:
  Non-class:      1.27 MB used.
      Class:    140.36 KB used.
       Both:      1.41 MB used.

Virtual space:
  Non-class space:       64.00 MB reserved,       1.38 MB (  2%) committed,  1 nodes.
      Class space:        1.00 GB reserved,     256.00 KB ( <1%) committed,  1 nodes.
             Both:        1.06 GB reserved,       1.62 MB ( <1%) committed. 

Chunk freelists:
   Non-Class:  11.66 MB
       Class:  15.67 MB
        Both:  27.33 MB

MaxMetaspaceSize: unlimited
CompressedClassSpaceSize: 1.00 GB
Initial GC threshold: 21.00 MB
Current GC threshold: 21.00 MB
CDS: on
 - commit_granule_bytes: 65536.
 - commit_granule_words: 8192.
 - virtual_space_node_default_size: 8388608.
 - enlarge_chunks_in_place: 1.
 - use_allocation_guard: 0.


Internal statistics:

num_allocs_failed_limit: 0.
num_arena_births: 74.
num_arena_deaths: 0.
num_vsnodes_births: 2.
num_vsnodes_deaths: 0.
num_space_committed: 26.
num_space_uncommitted: 0.
num_chunks_returned_to_freelist: 0.
num_chunks_taken_from_freelist: 96.
num_chunk_merges: 0.
num_chunk_splits: 67.
num_chunks_enlarged: 43.
num_inconsistent_stats: 0.

CodeHeap 'non-profiled nmethods': size=119168Kb used=195Kb max_used=195Kb free=118972Kb
 bounds [0x0000020872950000, 0x0000020872bc0000, 0x0000020879db0000]
CodeHeap 'profiled nmethods': size=119104Kb used=904Kb max_used=904Kb free=118200Kb
 bounds [0x000002086adb0000, 0x000002086b020000, 0x0000020872200000]
CodeHeap 'non-nmethods': size=7488Kb used=2282Kb max_used=2317Kb free=5205Kb
 bounds [0x0000020872200000, 0x0000020872470000, 0x0000020872950000]
CodeCache: size=245760Kb, used=3381Kb, max_used=3416Kb, free=242377Kb
 total_blobs=1021, nmethods=613, adapters=313, full_count=0
Compilation: enabled, stopped_count=0, restarted_count=0

Compilation events (20 events):
Event: 0.660 Thread 0x000002087fc92ec0 nmethod 595 0x000002087297ee90 code [0x000002087297f020, 0x000002087297f0a8]
Event: 0.660 Thread 0x0000020867c6d650  597       3       java.util.Collections$UnmodifiableCollection::iterator (9 bytes)
Event: 0.660 Thread 0x000002087fa23930  598       3       java.util.Collections$UnmodifiableCollection$1::<init> (26 bytes)
Event: 0.660 Thread 0x000002087fa23930 nmethod 598 0x000002086ae8a510 code [0x000002086ae8a6c0, 0x000002086ae8a940]
Event: 0.660 Thread 0x0000020867c6d650 nmethod 597 0x000002086ae8aa90 code [0x000002086ae8ac60, 0x000002086ae8af90]
Event: 0.660 Thread 0x000002087fa25af0 nmethod 596 0x000002086ae8b110 code [0x000002086ae8b2e0, 0x000002086ae8b468]
Event: 0.662 Thread 0x000002087fa25af0  601       3       lombok.patcher.PatchScript::classMatches (41 bytes)
Event: 0.662 Thread 0x000002087fa23930  600       3       lombok.patcher.scripts.MethodLevelPatchScript::patch (21 bytes)
Event: 0.662 Thread 0x000002087fa23930 nmethod 600 0x000002086ae8b590 code [0x000002086ae8b760, 0x000002086ae8b9e8]
Event: 0.662 Thread 0x000002087fa25af0 nmethod 601 0x000002086ae8bb10 code [0x000002086ae8bd40, 0x000002086ae8c3a8]
Event: 0.662 Thread 0x000002087fa25af0  602       3       jdk.internal.org.objectweb.asm.ByteVector::<init> (13 bytes)
Event: 0.662 Thread 0x000002087fa25af0 nmethod 602 0x000002086ae8c610 code [0x000002086ae8c7c0, 0x000002086ae8c9e0]
Event: 0.663 Thread 0x000002087fa25af0  603       3       jdk.internal.util.ArraysSupport::newLength (27 bytes)
Event: 0.663 Thread 0x000002087fa25af0 nmethod 603 0x000002086ae8ca90 code [0x000002086ae8cc60, 0x000002086ae8ceb0]
Event: 0.677 Thread 0x000002087fc92ec0  604       4       jdk.internal.util.ArraysSupport::vectorizedHashCode (158 bytes)
Event: 0.680 Thread 0x000002087fc92ec0 nmethod 604 0x000002087297f590 code [0x000002087297f720, 0x000002087297f910]
Event: 0.681 Thread 0x0000020867c6d650  605 %     3       java.util.Properties$LineReader::readLine @ 224 (584 bytes)
Event: 0.683 Thread 0x0000020867c6d650 nmethod 605% 0x000002086ae8cf90 code [0x000002086ae8d380, 0x000002086ae8fe08]
Event: 0.684 Thread 0x000002087fa23930  606       3       lombok.patcher.scripts.AddFieldScript::patch (55 bytes)
Event: 0.684 Thread 0x000002087fa23930 nmethod 606 0x000002086ae90b10 code [0x000002086ae90d40, 0x000002086ae914b0]

GC Heap History (0 events):
No events

Dll operation events (8 events):
Event: 0.090 Loaded shared library c:\Users\samsung\.cursor\extensions\redhat.java-1.50.0-win32-x64\jre\21.0.9-win32-x86_64\bin\java.dll
Event: 0.140 Loaded shared library c:\Users\samsung\.cursor\extensions\redhat.java-1.50.0-win32-x64\jre\21.0.9-win32-x86_64\bin\zip.dll
Event: 0.238 Loaded shared library C:\Users\samsung\.cursor\extensions\redhat.java-1.50.0-win32-x64\jre\21.0.9-win32-x86_64\bin\instrument.dll
Event: 0.248 Loaded shared library C:\Users\samsung\.cursor\extensions\redhat.java-1.50.0-win32-x64\jre\21.0.9-win32-x86_64\bin\net.dll
Event: 0.255 Loaded shared library C:\Users\samsung\.cursor\extensions\redhat.java-1.50.0-win32-x64\jre\21.0.9-win32-x86_64\bin\nio.dll
Event: 0.261 Loaded shared library C:\Users\samsung\.cursor\extensions\redhat.java-1.50.0-win32-x64\jre\21.0.9-win32-x86_64\bin\zip.dll
Event: 0.289 Loaded shared library C:\Users\samsung\.cursor\extensions\redhat.java-1.50.0-win32-x64\jre\21.0.9-win32-x86_64\bin\jimage.dll
Event: 0.419 Loaded shared library c:\Users\samsung\.cursor\extensions\redhat.java-1.50.0-win32-x64\jre\21.0.9-win32-x86_64\bin\verify.dll

Deoptimization events (18 events):
Event: 0.268 Thread 0x0000020867bb4c10 Uncommon trap: trap_request=0xffffffde fr.pc=0x000002087295f6d4 relative=0x00000000000005b4
Event: 0.268 Thread 0x0000020867bb4c10 Uncommon trap: reason=class_check action=maybe_recompile pc=0x000002087295f6d4 method=java.util.HashMap.putVal(ILjava/lang/Object;Ljava/lang/Object;ZZ)Ljava/lang/Object; @ 152 c2
Event: 0.268 Thread 0x0000020867bb4c10 DEOPT PACKING pc=0x000002087295f6d4 sp=0x00000022fe8fe9b0
Event: 0.268 Thread 0x0000020867bb4c10 DEOPT UNPACKING pc=0x0000020872253aa2 sp=0x00000022fe8fe900 mode 2
Event: 0.268 Thread 0x0000020867bb4c10 Uncommon trap: trap_request=0xffffffde fr.pc=0x000002087295f6d4 relative=0x00000000000005b4
Event: 0.268 Thread 0x0000020867bb4c10 Uncommon trap: reason=class_check action=maybe_recompile pc=0x000002087295f6d4 method=java.util.HashMap.putVal(ILjava/lang/Object;Ljava/lang/Object;ZZ)Ljava/lang/Object; @ 152 c2
Event: 0.268 Thread 0x0000020867bb4c10 DEOPT PACKING pc=0x000002087295f6d4 sp=0x00000022fe8fe9b0
Event: 0.268 Thread 0x0000020867bb4c10 DEOPT UNPACKING pc=0x0000020872253aa2 sp=0x00000022fe8fe900 mode 2
Event: 0.284 Thread 0x0000020867bb4c10 DEOPT PACKING pc=0x000002086adf16c9 sp=0x00000022fe8fdc10
Event: 0.284 Thread 0x0000020867bb4c10 DEOPT UNPACKING pc=0x0000020872254242 sp=0x00000022fe8fd098 mode 0
Event: 0.627 Thread 0x0000020867bb4c10 DEOPT PACKING pc=0x000002086aded3d8 sp=0x00000022fe8fc4c0
Event: 0.627 Thread 0x0000020867bb4c10 DEOPT UNPACKING pc=0x0000020872254242 sp=0x00000022fe8fb980 mode 0
Event: 0.628 Thread 0x0000020867bb4c10 Uncommon trap: trap_request=0xffffff45 fr.pc=0x000002087295f718 relative=0x00000000000005f8
Event: 0.628 Thread 0x0000020867bb4c10 Uncommon trap: reason=unstable_if action=reinterpret pc=0x000002087295f718 method=java.util.HashMap.putVal(ILjava/lang/Object;Ljava/lang/Object;ZZ)Ljava/lang/Object; @ 69 c2
Event: 0.628 Thread 0x0000020867bb4c10 DEOPT PACKING pc=0x000002087295f718 sp=0x00000022fe8fe610
Event: 0.628 Thread 0x0000020867bb4c10 DEOPT UNPACKING pc=0x0000020872253aa2 sp=0x00000022fe8fe580 mode 2
Event: 0.646 Thread 0x0000020867bb4c10 DEOPT PACKING pc=0x000002086ae5f20d sp=0x00000022fe8fa360
Event: 0.646 Thread 0x0000020867bb4c10 DEOPT UNPACKING pc=0x0000020872254242 sp=0x00000022fe8f9810 mode 0

Classes loaded (20 events):
Event: 0.683 Loading class java/lang/reflect/ReflectPermission
Event: 0.684 Loading class java/lang/reflect/ReflectPermission done
Event: 0.684 Loading class sun/security/provider/SunEntries
Event: 0.684 Loading class sun/security/provider/SunEntries done
Event: 0.684 Loading class sun/security/provider/SunEntries$1
Event: 0.684 Loading class sun/security/provider/SunEntries$1 done
Event: 0.684 Loading class sun/security/provider/NativePRNG
Event: 0.684 Loading class sun/security/provider/NativePRNG done
Event: 0.684 Loading class sun/security/provider/NativePRNG$Blocking
Event: 0.684 Loading class sun/security/provider/NativePRNG$Blocking done
Event: 0.684 Loading class sun/security/provider/NativePRNG$NonBlocking
Event: 0.684 Loading class sun/security/provider/NativePRNG$NonBlocking done
Event: 0.684 Loading class java/security/Provider$Service
Event: 0.685 Loading class java/security/Provider$Service done
Event: 0.685 Loading class java/security/Provider$UString
Event: 0.685 Loading class java/security/Provider$UString done
Event: 0.685 Loading class sun/security/util/SecurityProviderConstants
Event: 0.686 Loading class sun/security/util/SecurityProviderConstants done
Event: 0.686 Loading class sun/security/util/KnownOIDs
Event: 0.689 Loading class sun/security/util/KnownOIDs done

Classes unloaded (0 events):
No events

Classes redefined (0 events):
No events

Internal exceptions (11 events):
Event: 0.204 Thread 0x0000020867bb4c10 Exception <a 'java/lang/NoSuchMethodError'{0x00000000d57e4c70}: 'void java.lang.invoke.DirectMethodHandle$Holder.invokeStatic(java.lang.Object, java.lang.Object, java.lang.Object)'> (0x00000000d57e4c70) 
thrown [s\src\hotspot\share\interpreter\linkResolver.cpp, line 773]
Event: 0.278 Thread 0x0000020867bb4c10 Exception <a 'java/lang/NoSuchMethodError'{0x00000000d594e8a0}: 'java.lang.Object java.lang.invoke.Invokers$Holder.invokeExact_MT(java.lang.Object, java.lang.Object, java.lang.Object, java.lang.Object, java.lang.Object)'> (0x00000000d594e8a0) 
thrown [s\src\hotspot\share\interpreter\linkResolver.cpp, line 773]
Event: 0.343 Thread 0x0000020867bb4c10 Exception <a 'java/lang/NoSuchMethodError'{0x00000000d5a86a78}: 'int java.lang.invoke.DirectMethodHandle$Holder.invokeSpecial(java.lang.Object, java.lang.Object, java.lang.Object, int)'> (0x00000000d5a86a78) 
thrown [s\src\hotspot\share\interpreter\linkResolver.cpp, line 773]
Event: 0.347 Thread 0x0000020867bb4c10 Exception <a 'java/lang/NoSuchMethodError'{0x00000000d5a99460}: 'java.lang.Object java.lang.invoke.DirectMethodHandle$Holder.invokeStatic(java.lang.Object, java.lang.Object, java.lang.Object, java.lang.Object, int)'> (0x00000000d5a99460) 
thrown [s\src\hotspot\share\interpreter\linkResolver.cpp, line 773]
Event: 0.349 Thread 0x0000020867bb4c10 Exception <a 'java/lang/NoSuchMethodError'{0x00000000d5aa4928}: 'void java.lang.invoke.DelegatingMethodHandle$Holder.reinvoke_L(java.lang.Object, java.lang.Object, java.lang.Object, int, java.lang.Object)'> (0x00000000d5aa4928) 
thrown [s\src\hotspot\share\interpreter\linkResolver.cpp, line 773]
Event: 0.349 Thread 0x0000020867bb4c10 Exception <a 'java/lang/NoSuchMethodError'{0x00000000d5aa8360}: 'int java.lang.invoke.DirectMethodHandle$Holder.invokeSpecial(java.lang.Object, java.lang.Object, java.lang.Object)'> (0x00000000d5aa8360) 
thrown [s\src\hotspot\share\interpreter\linkResolver.cpp, line 773]
Event: 0.355 Thread 0x0000020867bb4c10 Exception <a 'java/lang/NoSuchMethodError'{0x00000000d5ac1050}: 'java.lang.Object java.lang.invoke.DirectMethodHandle$Holder.invokeStatic(java.lang.Object, java.lang.Object, int)'> (0x00000000d5ac1050) 
thrown [s\src\hotspot\share\interpreter\linkResolver.cpp, line 773]
Event: 0.356 Thread 0x0000020867bb4c10 Exception <a 'java/lang/NoSuchMethodError'{0x00000000d5ac59a0}: 'void java.lang.invoke.DirectMethodHandle$Holder.invokeStatic(java.lang.Object, java.lang.Object, int, java.lang.Object)'> (0x00000000d5ac59a0) 
thrown [s\src\hotspot\share\interpreter\linkResolver.cpp, line 773]
Event: 0.356 Thread 0x0000020867bb4c10 Exception <a 'java/lang/NoSuchMethodError'{0x00000000d5ac9530}: 'void java.lang.invoke.DirectMethodHandle$Holder.invokeSpecial(java.lang.Object, java.lang.Object, java.lang.Object, int, java.lang.Object)'> (0x00000000d5ac9530) 
thrown [s\src\hotspot\share\interpreter\linkResolver.cpp, line 773]
Event: 0.357 Thread 0x0000020867bb4c10 Exception <a 'java/lang/NoSuchMethodError'{0x00000000d5acc9a0}: 'void java.lang.invoke.DelegatingMethodHandle$Holder.delegate(java.lang.Object, java.lang.Object, int, java.lang.Object)'> (0x00000000d5acc9a0) 
thrown [s\src\hotspot\share\interpreter\linkResolver.cpp, line 773]
Event: 0.485 Thread 0x0000020867bb4c10 Exception <a 'java/lang/NoSuchMethodError'{0x00000000d5d0c1d8}: 'void java.lang.invoke.DelegatingMethodHandle$Holder.reinvoke_L(java.lang.Object, java.lang.Object, java.lang.Object, int)'> (0x00000000d5d0c1d8) 
thrown [s\src\hotspot\share\interpreter\linkResolver.cpp, line 773]

ZGC Phase Switch (0 events):
No events

VM Operations (4 events):
Event: 0.207 Executing VM operation: HandshakeAllThreads (Deoptimize)
Event: 0.207 Executing VM operation: HandshakeAllThreads (Deoptimize) done
Event: 0.307 Executing VM operation: HandshakeAllThreads (Deoptimize)
Event: 0.307 Executing VM operation: HandshakeAllThreads (Deoptimize) done

Memory protections (0 events):
No events

Nmethod flushes (0 events):
No events

Events (15 events):
Event: 0.119 Thread 0x0000020867bb4c10 Thread added: 0x0000020867bb4c10
Event: 0.157 Thread 0x0000020867bb4c10 Thread added: 0x000002087f92a480
Event: 0.157 Thread 0x0000020867bb4c10 Thread added: 0x000002087f92c850
Event: 0.158 Thread 0x0000020867bb4c10 Thread added: 0x000002087f9303b0
Event: 0.158 Thread 0x0000020867bb4c10 Thread added: 0x000002087f931000
Event: 0.158 Thread 0x0000020867bb4c10 Thread added: 0x000002087f9350f0
Event: 0.158 Thread 0x0000020867bb4c10 Thread added: 0x0000020867c4efa0
Event: 0.159 Thread 0x0000020867bb4c10 Thread added: 0x0000020867c5d260
Event: 0.159 Thread 0x0000020867bb4c10 Thread added: 0x0000020867c6d650
Event: 0.207 Thread 0x0000020867c6d650 Thread added: 0x000002087fa23930
Event: 0.208 Thread 0x000002087fa23930 Thread added: 0x000002087fa25af0
Event: 0.242 Thread 0x0000020867bb4c10 Thread added: 0x000002087fb48500
Event: 0.403 Thread 0x0000020867c5d260 Thread added: 0x000002087fc29680
Event: 0.403 Thread 0x0000020867c5d260 Thread added: 0x000002087fc92ec0
Event: 0.652 Thread 0x0000020867bb4c10 Thread added: 0x000002087fb48b90


Dynamic libraries:
0x00007ff6958d0000 - 0x00007ff6958de000 	c:\Users\samsung\.cursor\extensions\redhat.java-1.50.0-win32-x64\jre\21.0.9-win32-x86_64\bin\java.exe
0x00007ffb3e040000 - 0x00007ffb3e2a8000 	C:\WINDOWS\SYSTEM32\ntdll.dll
0x00007ffb3c520000 - 0x00007ffb3c5e9000 	C:\WINDOWS\System32\KERNEL32.DLL
0x00007ffb3b790000 - 0x00007ffb3bb82000 	C:\WINDOWS\System32\KERNELBASE.dll
0x00007ffb3b270000 - 0x00007ffb3b3bb000 	C:\WINDOWS\System32\ucrtbase.dll
0x00007ffb16500000 - 0x00007ffb16518000 	c:\Users\samsung\.cursor\extensions\redhat.java-1.50.0-win32-x64\jre\21.0.9-win32-x86_64\bin\jli.dll
0x00007ffb3d580000 - 0x00007ffb3d745000 	C:\WINDOWS\System32\USER32.dll
0x00007ffb14730000 - 0x00007ffb1474e000 	c:\Users\samsung\.cursor\extensions\redhat.java-1.50.0-win32-x64\jre\21.0.9-win32-x86_64\bin\VCRUNTIME140.dll
0x00007ffb3b6b0000 - 0x00007ffb3b6d7000 	C:\WINDOWS\System32\win32u.dll
0x00007ffb3be10000 - 0x00007ffb3be3b000 	C:\WINDOWS\System32\GDI32.dll
0x00007ffb3bce0000 - 0x00007ffb3be0d000 	C:\WINDOWS\System32\gdi32full.dll
0x00007ffb22500000 - 0x00007ffb22793000 	C:\WINDOWS\WinSxS\amd64_microsoft.windows.common-controls_6595b64144ccf1df_6.0.26100.6899_none_3e0efeeae32e88c1\COMCTL32.dll
0x00007ffb3b6e0000 - 0x00007ffb3b783000 	C:\WINDOWS\System32\msvcp_win.dll
0x00007ffb3c250000 - 0x00007ffb3c2f9000 	C:\WINDOWS\System32\msvcrt.dll
0x00007ffb3c370000 - 0x00007ffb3c39f000 	C:\WINDOWS\System32\IMM32.DLL
0x00007ffb376b0000 - 0x00007ffb376bc000 	c:\Users\samsung\.cursor\extensions\redhat.java-1.50.0-win32-x64\jre\21.0.9-win32-x86_64\bin\vcruntime140_1.dll
0x00007ffaf1600000 - 0x00007ffaf168d000 	c:\Users\samsung\.cursor\extensions\redhat.java-1.50.0-win32-x64\jre\21.0.9-win32-x86_64\bin\msvcp140.dll
0x00007ffa888a0000 - 0x00007ffa89640000 	c:\Users\samsung\.cursor\extensions\redhat.java-1.50.0-win32-x64\jre\21.0.9-win32-x86_64\bin\server\jvm.dll
0x00007ffb3c190000 - 0x00007ffb3c244000 	C:\WINDOWS\System32\ADVAPI32.dll
0x00007ffb3c060000 - 0x00007ffb3c106000 	C:\WINDOWS\System32\sechost.dll
0x00007ffb3c3b0000 - 0x00007ffb3c4c8000 	C:\WINDOWS\System32\RPCRT4.dll
0x00007ffb3d500000 - 0x00007ffb3d574000 	C:\WINDOWS\System32\WS2_32.dll
0x00007ffb27480000 - 0x00007ffb2748b000 	C:\WINDOWS\SYSTEM32\VERSION.dll
0x00007ffb300b0000 - 0x00007ffb300e5000 	C:\WINDOWS\SYSTEM32\WINMM.dll
0x00007ffb3b030000 - 0x00007ffb3b08e000 	C:\WINDOWS\SYSTEM32\POWRPROF.dll
0x00007ffb3b010000 - 0x00007ffb3b024000 	C:\WINDOWS\SYSTEM32\UMPDC.dll
0x00007ffb39fa0000 - 0x00007ffb39fbb000 	C:\WINDOWS\SYSTEM32\kernel.appcore.dll
0x00007ffb271f0000 - 0x00007ffb271fa000 	c:\Users\samsung\.cursor\extensions\redhat.java-1.50.0-win32-x64\jre\21.0.9-win32-x86_64\bin\jimage.dll
0x00007ffb38960000 - 0x00007ffb38ba2000 	C:\WINDOWS\SYSTEM32\DBGHELP.DLL
0x00007ffb3d7e0000 - 0x00007ffb3db5b000 	C:\WINDOWS\System32\combase.dll
0x00007ffb3c840000 - 0x00007ffb3c917000 	C:\WINDOWS\System32\OLEAUT32.dll
0x00007ffb1f080000 - 0x00007ffb1f0bc000 	C:\WINDOWS\SYSTEM32\dbgcore.DLL
0x00007ffb3b1d0000 - 0x00007ffb3b268000 	C:\WINDOWS\System32\bcryptPrimitives.dll
0x00007ffb22860000 - 0x00007ffb2286f000 	c:\Users\samsung\.cursor\extensions\redhat.java-1.50.0-win32-x64\jre\21.0.9-win32-x86_64\bin\instrument.dll
0x00007ffb14440000 - 0x00007ffb14460000 	c:\Users\samsung\.cursor\extensions\redhat.java-1.50.0-win32-x64\jre\21.0.9-win32-x86_64\bin\java.dll
0x00007ffb3ca60000 - 0x00007ffb3d1ad000 	C:\WINDOWS\System32\SHELL32.dll
0x00007ffb3b3c0000 - 0x00007ffb3b52b000 	C:\WINDOWS\System32\wintypes.dll
0x00007ffb38e20000 - 0x00007ffb3967d000 	C:\WINDOWS\SYSTEM32\windows.storage.dll
0x00007ffb3d390000 - 0x00007ffb3d482000 	C:\WINDOWS\System32\SHCORE.dll
0x00007ffb3c300000 - 0x00007ffb3c362000 	C:\WINDOWS\System32\shlwapi.dll
0x00007ffb3b0f0000 - 0x00007ffb3b119000 	C:\WINDOWS\SYSTEM32\profapi.dll
0x00007ffb13f60000 - 0x00007ffb13f78000 	c:\Users\samsung\.cursor\extensions\redhat.java-1.50.0-win32-x64\jre\21.0.9-win32-x86_64\bin\zip.dll
0x00007ffb1ac40000 - 0x00007ffb1ac50000 	C:\Users\samsung\.cursor\extensions\redhat.java-1.50.0-win32-x64\jre\21.0.9-win32-x86_64\bin\net.dll
0x00007ffb32d40000 - 0x00007ffb32e5f000 	C:\WINDOWS\SYSTEM32\WINHTTP.dll
0x00007ffb3a510000 - 0x00007ffb3a57b000 	C:\WINDOWS\system32\mswsock.dll
0x00007ffb13f40000 - 0x00007ffb13f56000 	C:\Users\samsung\.cursor\extensions\redhat.java-1.50.0-win32-x64\jre\21.0.9-win32-x86_64\bin\nio.dll
0x00007ffb19510000 - 0x00007ffb19520000 	c:\Users\samsung\.cursor\extensions\redhat.java-1.50.0-win32-x64\jre\21.0.9-win32-x86_64\bin\verify.dll

JVMTI agents:
c:\Users\samsung\.cursor\extensions\redhat.java-1.50.0-win32-x64\lombok\lombok-1.18.39-4050.jar path:c:\Users\samsung\.cursor\extensions\redhat.java-1.50.0-win32-x64\jre\21.0.9-win32-x86_64\bin\instrument.dll, loaded, initialized, instrumentlib options:none

dbghelp: loaded successfully - version: 4.0.5 - missing functions: none
symbol engine: initialized successfully - sym options: 0x614 - pdb path: .;c:\Users\samsung\.cursor\extensions\redhat.java-1.50.0-win32-x64\jre\21.0.9-win32-x86_64\bin;C:\WINDOWS\SYSTEM32;C:\WINDOWS\WinSxS\amd64_microsoft.windows.common-controls_6595b64144ccf1df_6.0.26100.6899_none_3e0efeeae32e88c1;c:\Users\samsung\.cursor\extensions\redhat.java-1.50.0-win32-x64\jre\21.0.9-win32-x86_64\bin\server

VM Arguments:
jvm_args: --add-modules=ALL-SYSTEM --add-opens=java.base/java.util=ALL-UNNAMED --add-opens=java.base/java.lang=ALL-UNNAMED --add-opens=java.base/sun.nio.fs=ALL-UNNAMED -Declipse.application=org.eclipse.jdt.ls.core.id1 -Dosgi.bundles.defaultStartLevel=4 -Declipse.product=org.eclipse.jdt.ls.core.product -Djava.import.generatesMetadataFilesAtProjectRoot=false -DDetectVMInstallationsJob.disabled=true -Dfile.encoding=utf8 -XX:+UseParallelGC -XX:GCTimeRatio=4 -XX:AdaptiveSizePolicyWeight=90 -Dsun.zip.disableMemoryMapping=true -Xmx2G -Xms100m -Xlog:disable -javaagent:c:\Users\samsung\.cursor\extensions\redhat.java-1.50.0-win32-x64\lombok\lombok-1.18.39-4050.jar 
java_command: c:\Users\samsung\.cursor\extensions\redhat.java-1.50.0-win32-x64\server\plugins\org.eclipse.equinox.launcher_1.7.100.v20251111-0406.jar -configuration c:\Users\samsung\AppData\Roaming\Cursor\User\globalStorage\redhat.java\1.50.0\config_ss_win -data c:\Users\samsung\AppData\Roaming\Cursor\User\workspaceStorage\d3caf16baf0fb3e1599ba22d83d32e54\redhat.java\ss_ws --pipe=\\.\pipe\lsp-cf6600448cd0d2e465903c5de26b74b2-sock
java_class_path (initial): c:\Users\samsung\.cursor\extensions\redhat.java-1.50.0-win32-x64\server\plugins\org.eclipse.equinox.launcher_1.7.100.v20251111-0406.jar
Launcher Type: SUN_STANDARD

[Global flags]
    uintx AdaptiveSizePolicyWeight                 = 90                                        {product} {command line}
     intx CICompilerCount                          = 12                                        {product} {ergonomic}
    uintx GCTimeRatio                              = 4                                         {product} {command line}
   size_t InitialHeapSize                          = 104857600                                 {product} {command line}
   size_t MaxHeapSize                              = 2147483648                                {product} {command line}
   size_t MaxNewSize                               = 715653120                                 {product} {ergonomic}
   size_t MinHeapDeltaBytes                        = 524288                                    {product} {ergonomic}
   size_t MinHeapSize                              = 104857600                                 {product} {command line}
   size_t NewSize                                  = 34603008                                  {product} {ergonomic}
    uintx NonNMethodCodeHeapSize                   = 7602480                                {pd product} {ergonomic}
    uintx NonProfiledCodeHeapSize                  = 122027880                              {pd product} {ergonomic}
   size_t OldSize                                  = 70254592                                  {product} {ergonomic}
    uintx ProfiledCodeHeapSize                     = 122027880                              {pd product} {ergonomic}
    uintx ReservedCodeCacheSize                    = 251658240                              {pd product} {ergonomic}
     bool SegmentedCodeCache                       = true                                      {product} {ergonomic}
   size_t SoftMaxHeapSize                          = 2147483648                             {manageable} {ergonomic}
     bool UseCompressedOops                        = true                           {product lp64_product} {ergonomic}
     bool UseLargePagesIndividualAllocation        = false                                  {pd product} {ergonomic}
     bool UseParallelGC                            = true                                      {product} {command line}

Logging:
Log output configuration:
 #0: stdout all=off uptime,level,tags foldmultilines=false
 #1: stderr all=off uptime,level,tags foldmultilines=false

Release file:
<release file has not been read>
Environment Variables:
JAVA_HOME=C:\workspace\tools\jdk-21
PATH=C:\Python313\Scripts\;C:\Python313\;C:\WINDOWS\system32;C:\WINDOWS;C:\WINDOWS\System32\Wbem;C:\WINDOWS\System32\WindowsPowerShell\v1.0\;C:\WINDOWS\System32\OpenSSH\;C:\Program Files (x86)\ePapyrus\Papyrus-PlugIn-xfa;C:\Program Files (x86)\ePapyrus\Papyrus-PlugIn-xfa\Addins;C:\workspace\tools\jdk-21\bin;C:\workspace\tools\jdk-21\bin;C:\ProgramData\chocolatey\bin;C:\Program Files\Git\cmd;C:\Program Files\Docker\Docker\resources\bin;C:\workspace\tools\jdk-21\bin;C:\workspace\tools\flutter\bin;C:\Program Files\nodejs\;C:\Program Files\cursor\resources\app\bin;C:\Windows\System32;C:\Windows;C:\Windows\System32\Wbem;C:\Program Files\Amazon\AWSCLIV2\;C:\Users\samsung\AppData\Local\Programs\oh-my-posh\bin\;C:\Users\samsung\AppData\Local\Programs\Python\Python311\Scripts\;C:\Users\samsung\AppData\Local\Programs\Python\Python311\;C:\Users\samsung\AppData\Local\Programs\Python\Python313\Scripts\;C:\Users\samsung\AppData\Local\Programs\Python\Python313\;C:\Users\samsung\AppData\Local\Programs\Python\Launcher\;C:\Users\samsung\AppData\Local\Microsoft\WindowsApps;C:\Users\samsung\AppData\Local\Programs\cursor\resources\app\bin;C:\Users\samsung\AppData\Roaming\npm;C:\Users\samsung\AppData\Local\Programs\Antigravity\bin
USERNAME=samsung
OS=Windows_NT
PROCESSOR_IDENTIFIER=Intel64 Family 6 Model 186 Stepping 2, GenuineIntel
TMP=C:\Users\samsung\AppData\Local\Temp
TEMP=C:\Users\samsung\AppData\Local\Temp




Periodic native trim disabled

---------------  S Y S T E M  ---------------

OS:
 Windows 11 , 64 bit Build 26100 (10.0.26100.6725)
OS uptime: 2 days 2:14 hours
Hyper-V role detected

CPU: total 16 (initial active 16) (8 cores per cpu, 2 threads per core) family 6 model 186 stepping 2 microcode 0x410e, cx8, cmov, fxsr, ht, mmx, 3dnowpref, sse, sse2, sse3, ssse3, sse4.1, sse4.2, popcnt, lzcnt, tsc, tscinvbit, avx, avx2, aes, erms, clmul, bmi1, bmi2, adx, sha, fma, vzeroupper, clflush, clflushopt, clwb, hv, serialize, rdtscp, rdpid, fsrm, f16c, cet_ibt, cet_ss
Processor Information for processor 0
  Max Mhz: 1900, Current Mhz: 1900, Mhz Limit: 1900
Processor Information for processor 1
  Max Mhz: 1900, Current Mhz: 1900, Mhz Limit: 1900
Processor Information for processor 2
  Max Mhz: 1900, Current Mhz: 1504, Mhz Limit: 1900
Processor Information for processor 3
  Max Mhz: 1900, Current Mhz: 1900, Mhz Limit: 1900
Processor Information for processor 4
  Max Mhz: 1900, Current Mhz: 1900, Mhz Limit: 1900
Processor Information for processor 5
  Max Mhz: 1900, Current Mhz: 1900, Mhz Limit: 1900
Processor Information for processor 6
  Max Mhz: 1900, Current Mhz: 1900, Mhz Limit: 1900
Processor Information for processor 7
  Max Mhz: 1900, Current Mhz: 1900, Mhz Limit: 1900
Processor Information for processor 8
  Max Mhz: 1900, Current Mhz: 1400, Mhz Limit: 1387
Processor Information for processor 9
  Max Mhz: 1900, Current Mhz: 1400, Mhz Limit: 1387
Processor Information for processor 10
  Max Mhz: 1900, Current Mhz: 1400, Mhz Limit: 1387
Processor Information for processor 11
  Max Mhz: 1900, Current Mhz: 1400, Mhz Limit: 1387
Processor Information for processor 12
  Max Mhz: 1900, Current Mhz: 1400, Mhz Limit: 1387
Processor Information for processor 13
  Max Mhz: 1900, Current Mhz: 1400, Mhz Limit: 1387
Processor Information for processor 14
  Max Mhz: 1900, Current Mhz: 1400, Mhz Limit: 1387
Processor Information for processor 15
  Max Mhz: 1900, Current Mhz: 1400, Mhz Limit: 1387

Memory: 4k page, system-wide physical 15943M (1304M free)
TotalPageFile size 24981M (AvailPageFile size 2M)
current process WorkingSet (physical memory assigned to process): 54M, peak: 54M
current process commit charge ("private bytes"): 244M, peak: 244M

vm_info: OpenJDK 64-Bit Server VM (21.0.9+10-LTS) for windows-amd64 JRE (21.0.9+10-LTS), built on 2025-10-21T00:00:00Z by "admin" with unknown MS VC++:1942

END.
